#
# There is insufficient memory for the Java Runtime Environment to continue.
# Native memory allocation (malloc) failed to allocate 32744 bytes for ChunkPool::allocate
# Possible reasons:
#   The system is out of physical RAM or swap space
#   In 32 bit mode, the process size limit was hit
# Possible solutions:
#   Reduce memory load on the system
#   Increase physical memory or swap space
#   Check if swap backing store is full
#   Use 64 bit Java on a 64 bit OS
#   Decrease Java heap size (-Xmx/-Xms)
#   Decrease number of Java threads
#   Decrease Java thread stack sizes (-Xss)
#   Set larger code cache with -XX:ReservedCodeCacheSize=
# This output file may be truncated or incomplete.
#
#  Out of Memory Error (allocation.cpp:273), pid=23732, tid=0x0000000000003184
#
# JRE version: Java(TM) SE Runtime Environment (8.0_161-b12) (build 1.8.0_161-b12)
# Java VM: Java HotSpot(TM) 64-Bit Server VM (25.161-b12 mixed mode windows-amd64 compressed oops)
# Failed to write core dump. Minidumps are not enabled by default on client versions of Windows
#

---------------  T H R E A D  ---------------

Current thread (0x0000000019a95000):  JavaThread "C1 CompilerThread2" daemon [_thread_in_native, id=12676, stack(0x000000001a100000,0x000000001a200000)]

Stack: [0x000000001a100000,0x000000001a200000]
[error occurred during error reporting (printing stack bounds), id 0xc0000005]

Native frames: (J=compiled Java code, j=interpreted, Vv=VM code, C=native code)


Current CompileTask:
C1:    293  150       3       jdk.internal.org.objectweb.asm.Frame::execute (2252 bytes)


---------------  P R O C E S S  ---------------

Java Threads: ( => current thread )
  0x0000000019b27800 JavaThread "Service Thread" daemon [_thread_blocked, id=23404, stack(0x000000001a200000,0x000000001a300000)]
=>0x0000000019a95000 JavaThread "C1 CompilerThread2" daemon [_thread_in_native, id=12676, stack(0x000000001a100000,0x000000001a200000)]
  0x0000000019a44000 JavaThread "C2 CompilerThread1" daemon [_thread_blocked, id=9660, stack(0x000000001a000000,0x000000001a100000)]
  0x0000000019a40000 JavaThread "C2 CompilerThread0" daemon [_thread_blocked, id=19064, stack(0x0000000019f00000,0x000000001a000000)]
  0x0000000019a3e800 JavaThread "Monitor Ctrl-Break" daemon [_thread_in_native, id=23292, stack(0x0000000019e00000,0x0000000019f00000)]
  0x00000000182b4800 JavaThread "Attach Listener" daemon [_thread_blocked, id=22536, stack(0x0000000019900000,0x0000000019a00000)]
  0x0000000018305800 JavaThread "Signal Dispatcher" daemon [_thread_blocked, id=24532, stack(0x0000000019800000,0x0000000019900000)]
  0x0000000018299000 JavaThread "Finalizer" daemon [_thread_blocked, id=17084, stack(0x0000000019510000,0x0000000019610000)]
  0x00000000049e4000 JavaThread "Reference Handler" daemon [_thread_blocked, id=2632, stack(0x0000000019410000,0x0000000019510000)]
  0x00000000048f2800 JavaThread "main" [_thread_in_Java, id=19276, stack(0x0000000004600000,0x0000000004700000)]

Other Threads:
  0x0000000018277800 VMThread [stack: 0x0000000019310000,0x0000000019410000] [id=22964]
  0x0000000019b44800 WatcherThread [stack: 0x000000001a300000,0x000000001a400000] [id=14388]

VM state:not at safepoint (normal execution)

VM Mutex/Monitor currently owned by a thread: None

Heap:
 PSYoungGen      total 28672K, used 4475K [0x00000000e0700000, 0x00000000e2700000, 0x0000000100000000)
  eden space 24576K, 18% used [0x00000000e0700000,0x00000000e0b5ecd0,0x00000000e1f00000)
  from space 4096K, 0% used [0x00000000e2300000,0x00000000e2300000,0x00000000e2700000)
  to   space 4096K, 0% used [0x00000000e1f00000,0x00000000e1f00000,0x00000000e2300000)
 ParOldGen       total 65536K, used 0K [0x00000000a1400000, 0x00000000a5400000, 0x00000000e0700000)
  object space 65536K, 0% used [0x00000000a1400000,0x00000000a1400000,0x00000000a5400000)
 Metaspace       used 4880K, capacity 4976K, committed 5248K, reserved 1056768K
  class space    used 544K, capacity 617K, committed 640K, reserved 1048576K

Card table byte_map: [0x0000000013db0000,0x00000000140b0000] byte_map_base: 0x00000000138a6000

Marking Bits: (ParMarkBitMap*) 0x000000007171f860
 Begin Bits: [0x00000000146b0000, 0x0000000015e60000)
 End Bits:   [0x0000000015e60000, 0x0000000017610000)

Polling page: 0x0000000002a70000

CodeCache: size=245760Kb used=1333Kb max_used=1345Kb free=244426Kb
 bounds [0x00000000049f0000, 0x0000000004c60000, 0x00000000139f0000]
 total_blobs=458 nmethods=174 adapters=197
 compilation: enabled

Compilation events (10 events):
Event: 0.287 Thread 0x0000000019a95000 nmethod 144 0x0000000004b398d0 code [0x0000000004b39a20, 0x0000000004b39b30]
Event: 0.287 Thread 0x0000000019a95000  145       1       java.lang.invoke.LambdaForm$BasicType::basicTypeChar (5 bytes)
Event: 0.287 Thread 0x0000000019a95000 nmethod 145 0x0000000004b39b90 code [0x0000000004b39ce0, 0x0000000004b39df0]
Event: 0.287 Thread 0x0000000019a95000  146       1       java.lang.invoke.LambdaForm$BasicType::access$100 (5 bytes)
Event: 0.287 Thread 0x0000000019a95000 nmethod 146 0x0000000004b39e50 code [0x0000000004b39fa0, 0x0000000004b3a090]
Event: 0.287 Thread 0x0000000019a95000  147       1       java.lang.invoke.LambdaForm$Name::access$000 (5 bytes)
Event: 0.287 Thread 0x0000000019a95000 nmethod 147 0x0000000004b3a110 code [0x0000000004b3a260, 0x0000000004b3a350]
Event: 0.287 Thread 0x0000000019a95000  148       1       java.lang.invoke.LambdaForm$BasicType::basicTypeClass (5 bytes)
Event: 0.287 Thread 0x0000000019a95000 nmethod 148 0x0000000004b3a3d0 code [0x0000000004b3a520, 0x0000000004b3a630]
Event: 0.288 Thread 0x0000000019a95000  150       3       jdk.internal.org.objectweb.asm.Frame::execute (2252 bytes)

GC Heap History (0 events):
No events

Deoptimization events (0 events):
No events

Classes redefined (0 events):
No events

Internal exceptions (7 events):
Event: 0.051 Thread 0x00000000048f2800 Exception <a 'java/lang/NoSuchMethodError': Method sun.misc.Unsafe.defineClass(Ljava/lang/String;[BII)Ljava/lang/Class; name or signature does not match> (0x00000000e0707ca0) thrown at [C:\re\workspace\8-2-build-windows-amd64-cygwin\jdk8u161\10277\hotspot
Event: 0.051 Thread 0x00000000048f2800 Exception <a 'java/lang/NoSuchMethodError': Method sun.misc.Unsafe.prefetchRead(Ljava/lang/Object;J)V name or signature does not match> (0x00000000e0707f88) thrown at [C:\re\workspace\8-2-build-windows-amd64-cygwin\jdk8u161\10277\hotspot\src\share\vm\prim
Event: 0.240 Thread 0x00000000048f2800 Exception <a 'java/security/PrivilegedActionException'> (0x00000000e0992710) thrown at [C:\re\workspace\8-2-build-windows-amd64-cygwin\jdk8u161\10277\hotspot\src\share\vm\prims\jvm.cpp, line 1390]
Event: 0.240 Thread 0x00000000048f2800 Exception <a 'java/security/PrivilegedActionException'> (0x00000000e0992920) thrown at [C:\re\workspace\8-2-build-windows-amd64-cygwin\jdk8u161\10277\hotspot\src\share\vm\prims\jvm.cpp, line 1390]
Event: 0.242 Thread 0x00000000048f2800 Exception <a 'java/security/PrivilegedActionException'> (0x00000000e0996830) thrown at [C:\re\workspace\8-2-build-windows-amd64-cygwin\jdk8u161\10277\hotspot\src\share\vm\prims\jvm.cpp, line 1390]
Event: 0.242 Thread 0x00000000048f2800 Exception <a 'java/security/PrivilegedActionException'> (0x00000000e0996a40) thrown at [C:\re\workspace\8-2-build-windows-amd64-cygwin\jdk8u161\10277\hotspot\src\share\vm\prims\jvm.cpp, line 1390]
Event: 0.247 Thread 0x00000000048f2800 Exception <a 'java/io/FileNotFoundException'> (0x00000000e099e550) thrown at [C:\re\workspace\8-2-build-windows-amd64-cygwin\jdk8u161\10277\hotspot\src\share\vm\prims\jni.cpp, line 709]

Events (10 events):
Event: 0.279 loading class java/lang/invoke/MethodHandleImpl$AsVarargsCollector
Event: 0.279 loading class java/lang/invoke/DelegatingMethodHandle
Event: 0.279 loading class java/lang/invoke/DelegatingMethodHandle done
Event: 0.279 loading class java/lang/invoke/MethodHandleImpl$AsVarargsCollector done
Event: 0.280 loading class java/lang/invoke/WrongMethodTypeException
Event: 0.280 loading class java/lang/invoke/WrongMethodTypeException done
Event: 0.282 loading class java/lang/invoke/MethodHandleImpl$Lazy
Event: 0.282 loading class java/lang/invoke/MethodHandleImpl$Lazy done
Event: 0.282 loading class java/lang/invoke/MethodHandleImpl$IntrinsicMethodHandle
Event: 0.282 loading class java/lang/invoke/MethodHandleImpl$IntrinsicMethodHandle done


Dynamic libraries:
0x00007ff6a7b40000 - 0x00007ff6a7b77000 	C:\Program Files\Java\jdk1.8.0_161\bin\java.exe
0x00007ffc20fb0000 - 0x00007ffc21190000 	C:\WINDOWS\SYSTEM32\ntdll.dll
0x00007ffc1e650000 - 0x00007ffc1e6fe000 	C:\WINDOWS\System32\KERNEL32.DLL
0x00007ffc1d720000 - 0x00007ffc1d986000 	C:\WINDOWS\System32\KERNELBASE.dll
0x00007ffc20a80000 - 0x00007ffc20b21000 	C:\WINDOWS\System32\ADVAPI32.dll
0x00007ffc20e00000 - 0x00007ffc20e9d000 	C:\WINDOWS\System32\msvcrt.dll
0x00007ffc1e700000 - 0x00007ffc1e75b000 	C:\WINDOWS\System32\sechost.dll
0x00007ffc1e760000 - 0x00007ffc1e87f000 	C:\WINDOWS\System32\RPCRT4.dll
0x00007ffc1e480000 - 0x00007ffc1e60f000 	C:\WINDOWS\System32\USER32.dll
0x00007ffc1d990000 - 0x00007ffc1d9b0000 	C:\WINDOWS\System32\win32u.dll
0x00007ffc1e610000 - 0x00007ffc1e638000 	C:\WINDOWS\System32\GDI32.dll
0x00007ffc1d580000 - 0x00007ffc1d713000 	C:\WINDOWS\System32\gdi32full.dll
0x00007ffc1d9b0000 - 0x00007ffc1da4b000 	C:\WINDOWS\System32\msvcp_win.dll
0x00007ffc1db80000 - 0x00007ffc1dc76000 	C:\WINDOWS\System32\ucrtbase.dll
0x00007ffc14600000 - 0x00007ffc14869000 	C:\WINDOWS\WinSxS\amd64_microsoft.windows.common-controls_6595b64144ccf1df_6.0.16299.309_none_15cfd4c4935e6b11\COMCTL32.dll
0x00007ffc20770000 - 0x00007ffc20a78000 	C:\WINDOWS\System32\combase.dll
0x00007ffc1db00000 - 0x00007ffc1db72000 	C:\WINDOWS\System32\bcryptPrimitives.dll
0x00007ffc1ea40000 - 0x00007ffc1ea6d000 	C:\WINDOWS\System32\IMM32.DLL
0x00000000717a0000 - 0x0000000071872000 	C:\Program Files\Java\jdk1.8.0_161\jre\bin\msvcr100.dll
0x0000000070f00000 - 0x000000007179f000 	C:\Program Files\Java\jdk1.8.0_161\jre\bin\server\jvm.dll
0x00007ffc20ce0000 - 0x00007ffc20ce8000 	C:\WINDOWS\System32\PSAPI.DLL
0x00007ffc1bfa0000 - 0x00007ffc1bfa9000 	C:\WINDOWS\SYSTEM32\WSOCK32.dll
0x00007ffc13b00000 - 0x00007ffc13b23000 	C:\WINDOWS\SYSTEM32\WINMM.dll
0x00007ffc204b0000 - 0x00007ffc2051c000 	C:\WINDOWS\System32\WS2_32.dll
0x00007ffc14880000 - 0x00007ffc1488a000 	C:\WINDOWS\SYSTEM32\VERSION.dll
0x00007ffc13960000 - 0x00007ffc1398a000 	C:\WINDOWS\SYSTEM32\winmmbase.dll
0x00007ffc1e430000 - 0x00007ffc1e47a000 	C:\WINDOWS\System32\cfgmgr32.dll
0x0000000070ef0000 - 0x0000000070eff000 	C:\Program Files\Java\jdk1.8.0_161\jre\bin\verify.dll
0x0000000070ec0000 - 0x0000000070ee9000 	C:\Program Files\Java\jdk1.8.0_161\jre\bin\java.dll
0x0000000070e90000 - 0x0000000070eb3000 	C:\Program Files\Java\jdk1.8.0_161\jre\bin\instrument.dll
0x0000000070e70000 - 0x0000000070e86000 	C:\Program Files\Java\jdk1.8.0_161\jre\bin\zip.dll
0x00007ffc1f070000 - 0x00007ffc204a6000 	C:\WINDOWS\System32\SHELL32.dll
0x00007ffc20d50000 - 0x00007ffc20df6000 	C:\WINDOWS\System32\shcore.dll
0x00007ffc1dc80000 - 0x00007ffc1e3c7000 	C:\WINDOWS\System32\windows.storage.dll
0x00007ffc20cf0000 - 0x00007ffc20d41000 	C:\WINDOWS\System32\shlwapi.dll
0x00007ffc1d390000 - 0x00007ffc1d3a1000 	C:\WINDOWS\System32\kernel.appcore.dll
0x00007ffc1d320000 - 0x00007ffc1d36c000 	C:\WINDOWS\System32\powrprof.dll
0x00007ffc1d300000 - 0x00007ffc1d31b000 	C:\WINDOWS\System32\profapi.dll
0x00007ffc08cf0000 - 0x00007ffc08d0a000 	C:\Program Files\JetBrains\IntelliJ IDEA Community Edition 2017.3.5\bin\breakgen64.dll
0x0000000070e50000 - 0x0000000070e6a000 	C:\Program Files\Java\jdk1.8.0_161\jre\bin\net.dll
0x00007ffc1cb90000 - 0x00007ffc1cbf6000 	C:\WINDOWS\system32\mswsock.dll
0x0000000070cb0000 - 0x0000000070e48000 	C:\Program Files\Java\jdk1.8.0_161\jre\bin\awt.dll
0x00007ffc20690000 - 0x00007ffc20755000 	C:\WINDOWS\System32\OLEAUT32.dll
0x00007ffc1ab00000 - 0x00007ffc1ab88000 	C:\WINDOWS\SYSTEM32\apphelp.dll

VM Arguments:
jvm_args: -javaagent:C:\Program Files\JetBrains\IntelliJ IDEA Community Edition 2017.3.5\lib\idea_rt.jar=58733:C:\Program Files\JetBrains\IntelliJ IDEA Community Edition 2017.3.5\bin -Dfile.encoding=UTF-8 
java_command: guessingGame.GussingGame
java_class_path (initial): C:\Program Files\Java\jdk1.8.0_161\jre\lib\charsets.jar;C:\Program Files\Java\jdk1.8.0_161\jre\lib\deploy.jar;C:\Program Files\Java\jdk1.8.0_161\jre\lib\ext\access-bridge-64.jar;C:\Program Files\Java\jdk1.8.0_161\jre\lib\ext\cldrdata.jar;C:\Program Files\Java\jdk1.8.0_161\jre\lib\ext\dnsns.jar;C:\Program Files\Java\jdk1.8.0_161\jre\lib\ext\jaccess.jar;C:\Program Files\Java\jdk1.8.0_161\jre\lib\ext\jfxrt.jar;C:\Program Files\Java\jdk1.8.0_161\jre\lib\ext\localedata.jar;C:\Program Files\Java\jdk1.8.0_161\jre\lib\ext\nashorn.jar;C:\Program Files\Java\jdk1.8.0_161\jre\lib\ext\sunec.jar;C:\Program Files\Java\jdk1.8.0_161\jre\lib\ext\sunjce_provider.jar;C:\Program Files\Java\jdk1.8.0_161\jre\lib\ext\sunmscapi.jar;C:\Program Files\Java\jdk1.8.0_161\jre\lib\ext\sunpkcs11.jar;C:\Program Files\Java\jdk1.8.0_161\jre\lib\ext\zipfs.jar;C:\Program Files\Java\jdk1.8.0_161\jre\lib\javaws.jar;C:\Program Files\Java\jdk1.8.0_161\jre\lib\jce.jar;C:\Program Files\Java\jdk1.8.0_161\jre\lib\jfr.jar;C:\Program Files\Java\jdk1.8.0_161\jre\lib\jfxswt.jar;C:\Program Files\Java\jdk1.8.0_161\jre\lib\jsse.jar;C:\Program Files\Java\jdk1.8.0_161\jre\lib\management-agent.jar;C:\Program Files\Java\jdk1.8.0_161\jre\lib\plugin.jar;C:\Program Files\Java\jdk1.8.0_161\jre\lib\resources.jar;C:\Program Files\Java\jdk1.8.0_161\jre\lib\rt.jar;D:\4thSemester\Programming3\ListenerHandling\out\production\ListenerHandling;C:\Program Files\JetBrains\IntelliJ IDEA Community Edition 2017.3.5\lib\idea_rt.jar
Launcher Type: SUN_STANDARD

Environment Variables:
JAVA_HOME=C:\AI2U\JDK
PATH=C:\ProgramData\Oracle\Java\javapath;C:\WINDOWS\system32;C:\WINDOWS;C:\WINDOWS\System32\Wbem;C:\WINDOWS\System32\WindowsPowerShell\v1.0\;C:\Program Files\Git\cmd;C:\Program Files\dotnet\;C:\Users\hp\AppData\Local\Microsoft\WindowsApps;
USERNAME=Marwa N. Jarada
OS=Windows_NT
PROCESSOR_IDENTIFIER=Intel64 Family 6 Model 142 Stepping 9, GenuineIntel



---------------  S Y S T E M  ---------------

OS: Windows 10.0 , 64 bit Build 16299 (10.0.16299.15)

CPU:total 4 (initial active 4) (2 cores per cpu, 2 threads per core) family 6 model 142 stepping 9, cmov, cx8, fxsr, mmx, sse, sse2, sse3, ssse3, sse4.1, sse4.2, popcnt, avx, avx2, aes, clmul, erms, 3dnowpref, lzcnt, ht, tsc, tscinvbit, bmi1, bmi2, adx

Memory: 4k page, physical 6205352k(1556088k free), swap 25079720k(4116k free)

vm_info: Java HotSpot(TM) 64-Bit Server VM (25.161-b12) for windows-amd64 JRE (1.8.0_161-b12), built on Dec 19 2017 17:52:25 by "java_re" with MS VC++ 10.0 (VS2010)

time: Thu Mar 21 18:47:54 2019
elapsed time: 0 seconds (0d 0h 0m 0s)

